10:31:23 **** Incremental Build of configuration Emulation-HW for project LAB_A_part1_system_hw_link ****
make all 
/opt/Xilinx/Vitis/2022.1/bin/v++ --target hw_emu --link --config binary_container_1-link.cfg -o"binary_container_1.xclbin" ../../LAB_A_part1_kernels/Emulation-HW/build/krnl_vadd.xo
Option Map File Used: '/opt/Xilinx/Vitis/2022.1/data/vitis/vpp/optMap.xml'

****** v++ v2022.1 (64-bit)
  **** SW Build 3524075 on 2022-04-13-17:42:45
    ** Copyright 1986-2022 Xilinx, Inc. All Rights Reserved.

INFO: [v++ 60-1306] Additional information associated with this v++ link can be found at:
	Reports: /mnt/HLSNAS/01.JknbyU/Vitis-Tutorials/Hardware_Acceleration/Feature_Tutorials/02-mixing-c-rtl-kernels/workspace/LAB_A_part1_system_hw_link/Emulation-HW/binary_container_1.build/reports/link
	Log files: /mnt/HLSNAS/01.JknbyU/Vitis-Tutorials/Hardware_Acceleration/Feature_Tutorials/02-mixing-c-rtl-kernels/workspace/LAB_A_part1_system_hw_link/Emulation-HW/binary_container_1.build/logs/link
Running Dispatch Server on port: 42849
INFO: [v++ 60-1548] Creating build summary session with primary output /mnt/HLSNAS/01.JknbyU/Vitis-Tutorials/Hardware_Acceleration/Feature_Tutorials/02-mixing-c-rtl-kernels/workspace/LAB_A_part1_system_hw_link/Emulation-HW/binary_container_1.xclbin.link_summary, at Wed Nov  2 10:31:34 2022
INFO: [v++ 60-1316] Initiating connection to rulecheck server, at Wed Nov  2 10:31:34 2022
INFO: [v++ 60-895]   Target platform: /opt/xilinx/platforms/xilinx_u50_gen3x16_xdma_5_202210_1/xilinx_u50_gen3x16_xdma_5_202210_1.xpfm
INFO: [v++ 60-1578]   This platform contains Xilinx Shell Archive '/opt/xilinx/platforms/xilinx_u50_gen3x16_xdma_5_202210_1/hw_emu/hw_emu.xsa'
INFO: [v++ 74-78] Compiler Version string: 2022.1
INFO: [v++ 60-629] Linking for hardware emulation target
INFO: [v++ 60-423]   Target device: xilinx_u50_gen3x16_xdma_5_202210_1
INFO: [v++ 60-1332] Run 'run_link' status: Not started
INFO: [v++ 60-1443] [10:31:37] Run run_link: Step system_link: Started
INFO: [v++ 60-1453] Command Line: system_link --xo /mnt/HLSNAS/01.JknbyU/Vitis-Tutorials/Hardware_Acceleration/Feature_Tutorials/02-mixing-c-rtl-kernels/workspace/LAB_A_part1_kernels/Emulation-HW/build/krnl_vadd.xo -keep --config /mnt/HLSNAS/01.JknbyU/Vitis-Tutorials/Hardware_Acceleration/Feature_Tutorials/02-mixing-c-rtl-kernels/workspace/LAB_A_part1_system_hw_link/Emulation-HW/binary_container_1.build/link/int/syslinkConfig.ini --xpfm /opt/xilinx/platforms/xilinx_u50_gen3x16_xdma_5_202210_1/xilinx_u50_gen3x16_xdma_5_202210_1.xpfm --target emu --output_dir /mnt/HLSNAS/01.JknbyU/Vitis-Tutorials/Hardware_Acceleration/Feature_Tutorials/02-mixing-c-rtl-kernels/workspace/LAB_A_part1_system_hw_link/Emulation-HW/binary_container_1.build/link/int --temp_dir /mnt/HLSNAS/01.JknbyU/Vitis-Tutorials/Hardware_Acceleration/Feature_Tutorials/02-mixing-c-rtl-kernels/workspace/LAB_A_part1_system_hw_link/Emulation-HW/binary_container_1.build/link/sys_link
INFO: [v++ 60-1454] Run Directory: /mnt/HLSNAS/01.JknbyU/Vitis-Tutorials/Hardware_Acceleration/Feature_Tutorials/02-mixing-c-rtl-kernels/workspace/LAB_A_part1_system_hw_link/Emulation-HW/binary_container_1.build/link/run_link
INFO: [SYSTEM_LINK 60-1316] Initiating connection to rulecheck server, at Wed Nov  2 10:31:38 2022
INFO: [SYSTEM_LINK 82-70] Extracting xo v3 file /mnt/HLSNAS/01.JknbyU/Vitis-Tutorials/Hardware_Acceleration/Feature_Tutorials/02-mixing-c-rtl-kernels/workspace/LAB_A_part1_kernels/Emulation-HW/build/krnl_vadd.xo
INFO: [SYSTEM_LINK 82-53] Creating IP database /mnt/HLSNAS/01.JknbyU/Vitis-Tutorials/Hardware_Acceleration/Feature_Tutorials/02-mixing-c-rtl-kernels/workspace/LAB_A_part1_system_hw_link/Emulation-HW/binary_container_1.build/link/sys_link/_sysl/.cdb/xd_ip_db.xml
INFO: [SYSTEM_LINK 82-38] [10:31:38] build_xd_ip_db started: /opt/Xilinx/Vitis/2022.1/bin/build_xd_ip_db -ip_search 0  -sds-pf /mnt/HLSNAS/01.JknbyU/Vitis-Tutorials/Hardware_Acceleration/Feature_Tutorials/02-mixing-c-rtl-kernels/workspace/LAB_A_part1_system_hw_link/Emulation-HW/binary_container_1.build/link/sys_link/hw_emu.hpfm -clkid 0 -ip /mnt/HLSNAS/01.JknbyU/Vitis-Tutorials/Hardware_Acceleration/Feature_Tutorials/02-mixing-c-rtl-kernels/workspace/LAB_A_part1_system_hw_link/Emulation-HW/binary_container_1.build/link/sys_link/iprepo/xilinx_com_hls_krnl_vadd_1_0,krnl_vadd -o /mnt/HLSNAS/01.JknbyU/Vitis-Tutorials/Hardware_Acceleration/Feature_Tutorials/02-mixing-c-rtl-kernels/workspace/LAB_A_part1_system_hw_link/Emulation-HW/binary_container_1.build/link/sys_link/_sysl/.cdb/xd_ip_db.xml
INFO: [SYSTEM_LINK 82-37] [10:31:42] build_xd_ip_db finished successfully
Time (s): cpu = 00:00:04 ; elapsed = 00:00:03 . Memory (MB): peak = 2270.898 ; gain = 0.000 ; free physical = 21164 ; free virtual = 74899
INFO: [SYSTEM_LINK 82-51] Create system connectivity graph
INFO: [SYSTEM_LINK 82-102] Applying explicit connections to the system connectivity graph: /mnt/HLSNAS/01.JknbyU/Vitis-Tutorials/Hardware_Acceleration/Feature_Tutorials/02-mixing-c-rtl-kernels/workspace/LAB_A_part1_system_hw_link/Emulation-HW/binary_container_1.build/link/sys_link/cfgraph/cfgen_cfgraph.xml
INFO: [SYSTEM_LINK 82-38] [10:31:42] cfgen started: /opt/Xilinx/Vitis/2022.1/bin/cfgen  -nk krnl_vadd:1:krnl_vadd_1 -dmclkid 0 -r /mnt/HLSNAS/01.JknbyU/Vitis-Tutorials/Hardware_Acceleration/Feature_Tutorials/02-mixing-c-rtl-kernels/workspace/LAB_A_part1_system_hw_link/Emulation-HW/binary_container_1.build/link/sys_link/_sysl/.cdb/xd_ip_db.xml -o /mnt/HLSNAS/01.JknbyU/Vitis-Tutorials/Hardware_Acceleration/Feature_Tutorials/02-mixing-c-rtl-kernels/workspace/LAB_A_part1_system_hw_link/Emulation-HW/binary_container_1.build/link/sys_link/cfgraph/cfgen_cfgraph.xml
INFO: [CFGEN 83-0] Kernel Specs: 
INFO: [CFGEN 83-0]   kernel: krnl_vadd, num: 1  {krnl_vadd_1}
INFO: [CFGEN 83-2226] Inferring mapping for argument krnl_vadd_1.a to HBM[0]
INFO: [CFGEN 83-2226] Inferring mapping for argument krnl_vadd_1.b to HBM[0]
INFO: [CFGEN 83-2226] Inferring mapping for argument krnl_vadd_1.c to HBM[0]
INFO: [SYSTEM_LINK 82-37] [10:31:44] cfgen finished successfully
Time (s): cpu = 00:00:02 ; elapsed = 00:00:02 . Memory (MB): peak = 2270.898 ; gain = 0.000 ; free physical = 21163 ; free virtual = 74898
INFO: [SYSTEM_LINK 82-52] Create top-level block diagram
INFO: [SYSTEM_LINK 82-38] [10:31:44] cf2bd started: /opt/Xilinx/Vitis/2022.1/bin/cf2bd  --linux --trace_buffer 1024 --input_file /mnt/HLSNAS/01.JknbyU/Vitis-Tutorials/Hardware_Acceleration/Feature_Tutorials/02-mixing-c-rtl-kernels/workspace/LAB_A_part1_system_hw_link/Emulation-HW/binary_container_1.build/link/sys_link/cfgraph/cfgen_cfgraph.xml --ip_db /mnt/HLSNAS/01.JknbyU/Vitis-Tutorials/Hardware_Acceleration/Feature_Tutorials/02-mixing-c-rtl-kernels/workspace/LAB_A_part1_system_hw_link/Emulation-HW/binary_container_1.build/link/sys_link/_sysl/.cdb/xd_ip_db.xml --cf_name dr --working_dir /mnt/HLSNAS/01.JknbyU/Vitis-Tutorials/Hardware_Acceleration/Feature_Tutorials/02-mixing-c-rtl-kernels/workspace/LAB_A_part1_system_hw_link/Emulation-HW/binary_container_1.build/link/sys_link/_sysl/.xsd --temp_dir /mnt/HLSNAS/01.JknbyU/Vitis-Tutorials/Hardware_Acceleration/Feature_Tutorials/02-mixing-c-rtl-kernels/workspace/LAB_A_part1_system_hw_link/Emulation-HW/binary_container_1.build/link/sys_link --output_dir /mnt/HLSNAS/01.JknbyU/Vitis-Tutorials/Hardware_Acceleration/Feature_Tutorials/02-mixing-c-rtl-kernels/workspace/LAB_A_part1_system_hw_link/Emulation-HW/binary_container_1.build/link/int
INFO: [CF2BD 82-31] Launching cf2xd: cf2xd -linux -trace-buffer 1024 -i /mnt/HLSNAS/01.JknbyU/Vitis-Tutorials/Hardware_Acceleration/Feature_Tutorials/02-mixing-c-rtl-kernels/workspace/LAB_A_part1_system_hw_link/Emulation-HW/binary_container_1.build/link/sys_link/cfgraph/cfgen_cfgraph.xml -r /mnt/HLSNAS/01.JknbyU/Vitis-Tutorials/Hardware_Acceleration/Feature_Tutorials/02-mixing-c-rtl-kernels/workspace/LAB_A_part1_system_hw_link/Emulation-HW/binary_container_1.build/link/sys_link/_sysl/.cdb/xd_ip_db.xml -o dr.xml
INFO: [CF2BD 82-28] cf2xd finished successfully
INFO: [CF2BD 82-31] Launching cf_xsd: cf_xsd -disable-address-gen -dn dr -dp /mnt/HLSNAS/01.JknbyU/Vitis-Tutorials/Hardware_Acceleration/Feature_Tutorials/02-mixing-c-rtl-kernels/workspace/LAB_A_part1_system_hw_link/Emulation-HW/binary_container_1.build/link/sys_link/_sysl/.xsd
INFO: [CF2BD 82-28] cf_xsd finished successfully
INFO: [SYSTEM_LINK 82-37] [10:31:46] cf2bd finished successfully
Time (s): cpu = 00:00:02 ; elapsed = 00:00:02 . Memory (MB): peak = 2270.898 ; gain = 0.000 ; free physical = 21156 ; free virtual = 74895
INFO: [v++ 60-1441] [10:31:46] Run run_link: Step system_link: Completed
Time (s): cpu = 00:00:09 ; elapsed = 00:00:08 . Memory (MB): peak = 2209.332 ; gain = 0.000 ; free physical = 21199 ; free virtual = 74938
INFO: [v++ 60-1443] [10:31:46] Run run_link: Step cf2sw: Started
INFO: [v++ 60-1453] Command Line: cf2sw -sdsl /mnt/HLSNAS/01.JknbyU/Vitis-Tutorials/Hardware_Acceleration/Feature_Tutorials/02-mixing-c-rtl-kernels/workspace/LAB_A_part1_system_hw_link/Emulation-HW/binary_container_1.build/link/int/sdsl.dat -rtd /mnt/HLSNAS/01.JknbyU/Vitis-Tutorials/Hardware_Acceleration/Feature_Tutorials/02-mixing-c-rtl-kernels/workspace/LAB_A_part1_system_hw_link/Emulation-HW/binary_container_1.build/link/int/cf2sw.rtd -nofilter /mnt/HLSNAS/01.JknbyU/Vitis-Tutorials/Hardware_Acceleration/Feature_Tutorials/02-mixing-c-rtl-kernels/workspace/LAB_A_part1_system_hw_link/Emulation-HW/binary_container_1.build/link/int/cf2sw_full.rtd -xclbin /mnt/HLSNAS/01.JknbyU/Vitis-Tutorials/Hardware_Acceleration/Feature_Tutorials/02-mixing-c-rtl-kernels/workspace/LAB_A_part1_system_hw_link/Emulation-HW/binary_container_1.build/link/int/xclbin_orig.xml -o /mnt/HLSNAS/01.JknbyU/Vitis-Tutorials/Hardware_Acceleration/Feature_Tutorials/02-mixing-c-rtl-kernels/workspace/LAB_A_part1_system_hw_link/Emulation-HW/binary_container_1.build/link/int/xclbin_orig.1.xml
INFO: [v++ 60-1454] Run Directory: /mnt/HLSNAS/01.JknbyU/Vitis-Tutorials/Hardware_Acceleration/Feature_Tutorials/02-mixing-c-rtl-kernels/workspace/LAB_A_part1_system_hw_link/Emulation-HW/binary_container_1.build/link/run_link
INFO: [v++ 60-1441] [10:31:47] Run run_link: Step cf2sw: Completed
Time (s): cpu = 00:00:02 ; elapsed = 00:00:02 . Memory (MB): peak = 2209.332 ; gain = 0.000 ; free physical = 21199 ; free virtual = 74939
INFO: [v++ 60-1443] [10:31:47] Run run_link: Step rtd2_system_diagram: Started
INFO: [v++ 60-1453] Command Line: rtd2SystemDiagram
INFO: [v++ 60-1454] Run Directory: /mnt/HLSNAS/01.JknbyU/Vitis-Tutorials/Hardware_Acceleration/Feature_Tutorials/02-mixing-c-rtl-kernels/workspace/LAB_A_part1_system_hw_link/Emulation-HW/binary_container_1.build/link/run_link
INFO: [v++ 60-1441] [10:31:48] Run run_link: Step rtd2_system_diagram: Completed
Time (s): cpu = 00:00:00 ; elapsed = 00:00:00.18 . Memory (MB): peak = 2209.332 ; gain = 0.000 ; free physical = 21182 ; free virtual = 74922
INFO: [v++ 60-1443] [10:31:48] Run run_link: Step vpl: Started
INFO: [v++ 60-1453] Command Line: vpl -t hw_emu -f xilinx_u50_gen3x16_xdma_5_202210_1 -g --remote_ip_cache /mnt/HLSNAS/01.JknbyU/Vitis-Tutorials/Hardware_Acceleration/Feature_Tutorials/02-mixing-c-rtl-kernels/workspace/ip_cache -s --output_dir /mnt/HLSNAS/01.JknbyU/Vitis-Tutorials/Hardware_Acceleration/Feature_Tutorials/02-mixing-c-rtl-kernels/workspace/LAB_A_part1_system_hw_link/Emulation-HW/binary_container_1.build/link/int --log_dir /mnt/HLSNAS/01.JknbyU/Vitis-Tutorials/Hardware_Acceleration/Feature_Tutorials/02-mixing-c-rtl-kernels/workspace/LAB_A_part1_system_hw_link/Emulation-HW/binary_container_1.build/logs/link --report_dir /mnt/HLSNAS/01.JknbyU/Vitis-Tutorials/Hardware_Acceleration/Feature_Tutorials/02-mixing-c-rtl-kernels/workspace/LAB_A_part1_system_hw_link/Emulation-HW/binary_container_1.build/reports/link --config /mnt/HLSNAS/01.JknbyU/Vitis-Tutorials/Hardware_Acceleration/Feature_Tutorials/02-mixing-c-rtl-kernels/workspace/LAB_A_part1_system_hw_link/Emulation-HW/binary_container_1.build/link/int/vplConfig.ini -k /mnt/HLSNAS/01.JknbyU/Vitis-Tutorials/Hardware_Acceleration/Feature_Tutorials/02-mixing-c-rtl-kernels/workspace/LAB_A_part1_system_hw_link/Emulation-HW/binary_container_1.build/link/int/kernel_info.dat --webtalk_flag Vitis --temp_dir /mnt/HLSNAS/01.JknbyU/Vitis-Tutorials/Hardware_Acceleration/Feature_Tutorials/02-mixing-c-rtl-kernels/workspace/LAB_A_part1_system_hw_link/Emulation-HW/binary_container_1.build/link --emulation_mode debug_waveform --no-info --iprepo /mnt/HLSNAS/01.JknbyU/Vitis-Tutorials/Hardware_Acceleration/Feature_Tutorials/02-mixing-c-rtl-kernels/workspace/LAB_A_part1_system_hw_link/Emulation-HW/binary_container_1.build/link/int/xo/ip_repo/xilinx_com_hls_krnl_vadd_1_0 --messageDb /mnt/HLSNAS/01.JknbyU/Vitis-Tutorials/Hardware_Acceleration/Feature_Tutorials/02-mixing-c-rtl-kernels/workspace/LAB_A_part1_system_hw_link/Emulation-HW/binary_container_1.build/link/run_link/vpl.pb /mnt/HLSNAS/01.JknbyU/Vitis-Tutorials/Hardware_Acceleration/Feature_Tutorials/02-mixing-c-rtl-kernels/workspace/LAB_A_part1_system_hw_link/Emulation-HW/binary_container_1.build/link/int/dr.bd.tcl
INFO: [v++ 60-1454] Run Directory: /mnt/HLSNAS/01.JknbyU/Vitis-Tutorials/Hardware_Acceleration/Feature_Tutorials/02-mixing-c-rtl-kernels/workspace/LAB_A_part1_system_hw_link/Emulation-HW/binary_container_1.build/link/run_link

****** vpl v2022.1 (64-bit)
  **** SW Build 3524075 on 2022-04-13-17:42:45
    ** Copyright 1986-2022 Xilinx, Inc. All Rights Reserved.

INFO: [VPL 60-839] Read in kernel information from file '/mnt/HLSNAS/01.JknbyU/Vitis-Tutorials/Hardware_Acceleration/Feature_Tutorials/02-mixing-c-rtl-kernels/workspace/LAB_A_part1_system_hw_link/Emulation-HW/binary_container_1.build/link/int/kernel_info.dat'.
INFO: [VPL 74-78] Compiler Version string: 2022.1
INFO: [VPL 60-423]   Target device: xilinx_u50_gen3x16_xdma_5_202210_1
INFO: [VPL 60-1032] Extracting hardware platform to /mnt/HLSNAS/01.JknbyU/Vitis-Tutorials/Hardware_Acceleration/Feature_Tutorials/02-mixing-c-rtl-kernels/workspace/LAB_A_part1_system_hw_link/Emulation-HW/binary_container_1.build/link/vivado/vpl/.local/hw_platform
[10:32:03] Run vpl: Step create_project: Started
Creating Vivado project.
[10:32:32] Run vpl: Step create_project: Completed
[10:32:32] Run vpl: Step create_bd: Started
[10:32:38] Run vpl: Step create_bd: Completed
[10:32:38] Run vpl: Step update_bd: Started
[10:32:41] Run vpl: Step update_bd: Completed
[10:32:41] Run vpl: Step generate_target: Started
[10:33:49] Run vpl: Step generate_target: Completed
[10:33:49] Run vpl: Step config_hw_emu.gen_scripts: Started
[10:34:13] Run vpl: Step config_hw_emu.gen_scripts: Completed
[10:34:13] Run vpl: Step config_hw_emu.compile: Started
[10:34:50] Run vpl: Step config_hw_emu.compile: Completed
[10:34:50] Run vpl: Step config_hw_emu.elaborate: Started
[10:35:06] Run vpl: Step config_hw_emu.elaborate: Completed
[10:35:07] Run vpl: FINISHED. Run Status: config_hw_emu.elaborate Complete!
INFO: [v++ 60-1441] [10:35:10] Run run_link: Step vpl: Completed
Time (s): cpu = 00:08:34 ; elapsed = 00:03:23 . Memory (MB): peak = 2209.332 ; gain = 0.000 ; free physical = 20249 ; free virtual = 74871
INFO: [v++ 60-1443] [10:35:10] Run run_link: Step rtdgen: Started
INFO: [v++ 60-1453] Command Line: rtdgen
INFO: [v++ 60-1454] Run Directory: /mnt/HLSNAS/01.JknbyU/Vitis-Tutorials/Hardware_Acceleration/Feature_Tutorials/02-mixing-c-rtl-kernels/workspace/LAB_A_part1_system_hw_link/Emulation-HW/binary_container_1.build/link/run_link
INFO: [v++ 60-991] clock name 'kernel_clk/clk' (clock ID '0') is being mapped to clock name 'DATA_CLK' in the xclbin
INFO: [v++ 60-1230] The compiler selected the following frequencies for the runtime controllable kernel clock(s) and scalable system clock(s): Kernel (DATA) clock: kernel_clk/clk = 300, Kernel (KERNEL) clock: kernel_clk/clk = 300
INFO: [v++ 60-1453] Command Line: cf2sw -a /mnt/HLSNAS/01.JknbyU/Vitis-Tutorials/Hardware_Acceleration/Feature_Tutorials/02-mixing-c-rtl-kernels/workspace/LAB_A_part1_system_hw_link/Emulation-HW/binary_container_1.build/link/int/address_map.xml -sdsl /mnt/HLSNAS/01.JknbyU/Vitis-Tutorials/Hardware_Acceleration/Feature_Tutorials/02-mixing-c-rtl-kernels/workspace/LAB_A_part1_system_hw_link/Emulation-HW/binary_container_1.build/link/int/sdsl.dat -xclbin /mnt/HLSNAS/01.JknbyU/Vitis-Tutorials/Hardware_Acceleration/Feature_Tutorials/02-mixing-c-rtl-kernels/workspace/LAB_A_part1_system_hw_link/Emulation-HW/binary_container_1.build/link/int/xclbin_orig.xml -rtd /mnt/HLSNAS/01.JknbyU/Vitis-Tutorials/Hardware_Acceleration/Feature_Tutorials/02-mixing-c-rtl-kernels/workspace/LAB_A_part1_system_hw_link/Emulation-HW/binary_container_1.build/link/int/binary_container_1.rtd -o /mnt/HLSNAS/01.JknbyU/Vitis-Tutorials/Hardware_Acceleration/Feature_Tutorials/02-mixing-c-rtl-kernels/workspace/LAB_A_part1_system_hw_link/Emulation-HW/binary_container_1.build/link/int/binary_container_1.xml
INFO: [v++ 60-1652] Cf2sw returned exit code: 0
WARNING: [v++ 60-1455] Debuggable symbols are not generated successfully, clean up /mnt/HLSNAS/01.JknbyU/Vitis-Tutorials/Hardware_Acceleration/Feature_Tutorials/02-mixing-c-rtl-kernels/workspace/LAB_A_part1_system_hw_link/Emulation-HW/binary_container_1.build/link/int/consolidated.cf
INFO: [v++ 60-1441] [10:35:15] Run run_link: Step rtdgen: Completed
Time (s): cpu = 00:00:04 ; elapsed = 00:00:05 . Memory (MB): peak = 2209.332 ; gain = 0.000 ; free physical = 20212 ; free virtual = 74871
INFO: [v++ 60-1443] [10:35:15] Run run_link: Step xclbinutil: Started
INFO: [v++ 60-1453] Command Line: xclbinutil --add-section DEBUG_IP_LAYOUT:JSON:/mnt/HLSNAS/01.JknbyU/Vitis-Tutorials/Hardware_Acceleration/Feature_Tutorials/02-mixing-c-rtl-kernels/workspace/LAB_A_part1_system_hw_link/Emulation-HW/binary_container_1.build/link/int/debug_ip_layout.rtd --add-section BITSTREAM:RAW:/mnt/HLSNAS/01.JknbyU/Vitis-Tutorials/Hardware_Acceleration/Feature_Tutorials/02-mixing-c-rtl-kernels/workspace/LAB_A_part1_system_hw_link/Emulation-HW/binary_container_1.build/link/int/behav.xse --force --target hw_emu --key-value SYS:dfx_enable:false --add-section :JSON:/mnt/HLSNAS/01.JknbyU/Vitis-Tutorials/Hardware_Acceleration/Feature_Tutorials/02-mixing-c-rtl-kernels/workspace/LAB_A_part1_system_hw_link/Emulation-HW/binary_container_1.build/link/int/binary_container_1.rtd --add-section CLOCK_FREQ_TOPOLOGY:JSON:/mnt/HLSNAS/01.JknbyU/Vitis-Tutorials/Hardware_Acceleration/Feature_Tutorials/02-mixing-c-rtl-kernels/workspace/LAB_A_part1_system_hw_link/Emulation-HW/binary_container_1.build/link/int/binary_container_1_xml.rtd --add-section BUILD_METADATA:JSON:/mnt/HLSNAS/01.JknbyU/Vitis-Tutorials/Hardware_Acceleration/Feature_Tutorials/02-mixing-c-rtl-kernels/workspace/LAB_A_part1_system_hw_link/Emulation-HW/binary_container_1.build/link/int/binary_container_1_build.rtd --add-section EMBEDDED_METADATA:RAW:/mnt/HLSNAS/01.JknbyU/Vitis-Tutorials/Hardware_Acceleration/Feature_Tutorials/02-mixing-c-rtl-kernels/workspace/LAB_A_part1_system_hw_link/Emulation-HW/binary_container_1.build/link/int/binary_container_1.xml --add-section SYSTEM_METADATA:RAW:/mnt/HLSNAS/01.JknbyU/Vitis-Tutorials/Hardware_Acceleration/Feature_Tutorials/02-mixing-c-rtl-kernels/workspace/LAB_A_part1_system_hw_link/Emulation-HW/binary_container_1.build/link/int/systemDiagramModelSlrBaseAddress.json --key-value SYS:PlatformVBNV:xilinx_u50_gen3x16_xdma_5_202210_1 --output /mnt/HLSNAS/01.JknbyU/Vitis-Tutorials/Hardware_Acceleration/Feature_Tutorials/02-mixing-c-rtl-kernels/workspace/LAB_A_part1_system_hw_link/Emulation-HW/binary_container_1.xclbin
INFO: [v++ 60-1454] Run Directory: /mnt/HLSNAS/01.JknbyU/Vitis-Tutorials/Hardware_Acceleration/Feature_Tutorials/02-mixing-c-rtl-kernels/workspace/LAB_A_part1_system_hw_link/Emulation-HW/binary_container_1.build/link/run_link
XRT Build Version: 2.13.466 (2022.1)
       Build Date: 2022-04-14 17:43:11
          Hash ID: f5505e402c2ca1ffe45eb6d3a9399b23a0dc8776
Creating a default 'in-memory' xclbin image.

Section: 'DEBUG_IP_LAYOUT'(9) was successfully added.
Size   : 872 bytes
Format : JSON
File   : '/mnt/HLSNAS/01.JknbyU/Vitis-Tutorials/Hardware_Acceleration/Feature_Tutorials/02-mixing-c-rtl-kernels/workspace/LAB_A_part1_system_hw_link/Emulation-HW/binary_container_1.build/link/int/debug_ip_layout.rtd'

Section: 'BITSTREAM'(0) was successfully added.
Size   : 38030506 bytes
Format : RAW
File   : '/mnt/HLSNAS/01.JknbyU/Vitis-Tutorials/Hardware_Acceleration/Feature_Tutorials/02-mixing-c-rtl-kernels/workspace/LAB_A_part1_system_hw_link/Emulation-HW/binary_container_1.build/link/int/behav.xse'

Section: 'MEM_TOPOLOGY'(6) was successfully added.
Format : JSON
File   : 'mem_topology'

Section: 'IP_LAYOUT'(8) was successfully added.
Format : JSON
File   : 'ip_layout'

Section: 'CONNECTIVITY'(7) was successfully added.
Format : JSON
File   : 'connectivity'

Section: 'CLOCK_FREQ_TOPOLOGY'(11) was successfully added.
Size   : 274 bytes
Format : JSON
File   : '/mnt/HLSNAS/01.JknbyU/Vitis-Tutorials/Hardware_Acceleration/Feature_Tutorials/02-mixing-c-rtl-kernels/workspace/LAB_A_part1_system_hw_link/Emulation-HW/binary_container_1.build/link/int/binary_container_1_xml.rtd'

Section: 'BUILD_METADATA'(14) was successfully added.
Size   : 2789 bytes
Format : JSON
File   : '/mnt/HLSNAS/01.JknbyU/Vitis-Tutorials/Hardware_Acceleration/Feature_Tutorials/02-mixing-c-rtl-kernels/workspace/LAB_A_part1_system_hw_link/Emulation-HW/binary_container_1.build/link/int/binary_container_1_build.rtd'

Section: 'EMBEDDED_METADATA'(2) was successfully added.
Size   : 3099 bytes
Format : RAW
File   : '/mnt/HLSNAS/01.JknbyU/Vitis-Tutorials/Hardware_Acceleration/Feature_Tutorials/02-mixing-c-rtl-kernels/workspace/LAB_A_part1_system_hw_link/Emulation-HW/binary_container_1.build/link/int/binary_container_1.xml'

Section: 'SYSTEM_METADATA'(22) was successfully added.
Size   : 18737 bytes
Format : RAW
File   : '/mnt/HLSNAS/01.JknbyU/Vitis-Tutorials/Hardware_Acceleration/Feature_Tutorials/02-mixing-c-rtl-kernels/workspace/LAB_A_part1_system_hw_link/Emulation-HW/binary_container_1.build/link/int/systemDiagramModelSlrBaseAddress.json'
Successfully wrote (38074877 bytes) to the output file: /mnt/HLSNAS/01.JknbyU/Vitis-Tutorials/Hardware_Acceleration/Feature_Tutorials/02-mixing-c-rtl-kernels/workspace/LAB_A_part1_system_hw_link/Emulation-HW/binary_container_1.xclbin
Leaving xclbinutil.
INFO: [v++ 60-1441] [10:35:15] Run run_link: Step xclbinutil: Completed
Time (s): cpu = 00:00:00.07 ; elapsed = 00:00:00.48 . Memory (MB): peak = 2209.332 ; gain = 0.000 ; free physical = 20174 ; free virtual = 74869
INFO: [v++ 60-1443] [10:35:15] Run run_link: Step xclbinutilinfo: Started
INFO: [v++ 60-1453] Command Line: xclbinutil --quiet --force --info /mnt/HLSNAS/01.JknbyU/Vitis-Tutorials/Hardware_Acceleration/Feature_Tutorials/02-mixing-c-rtl-kernels/workspace/LAB_A_part1_system_hw_link/Emulation-HW/binary_container_1.xclbin.info --input /mnt/HLSNAS/01.JknbyU/Vitis-Tutorials/Hardware_Acceleration/Feature_Tutorials/02-mixing-c-rtl-kernels/workspace/LAB_A_part1_system_hw_link/Emulation-HW/binary_container_1.xclbin
INFO: [v++ 60-1454] Run Directory: /mnt/HLSNAS/01.JknbyU/Vitis-Tutorials/Hardware_Acceleration/Feature_Tutorials/02-mixing-c-rtl-kernels/workspace/LAB_A_part1_system_hw_link/Emulation-HW/binary_container_1.build/link/run_link
INFO: [v++ 60-1441] [10:35:16] Run run_link: Step xclbinutilinfo: Completed
Time (s): cpu = 00:00:00.2 ; elapsed = 00:00:00.26 . Memory (MB): peak = 2209.332 ; gain = 0.000 ; free physical = 20174 ; free virtual = 74869
INFO: [v++ 60-1443] [10:35:16] Run run_link: Step generate_sc_driver: Started
INFO: [v++ 60-1453] Command Line: 
INFO: [v++ 60-1454] Run Directory: /mnt/HLSNAS/01.JknbyU/Vitis-Tutorials/Hardware_Acceleration/Feature_Tutorials/02-mixing-c-rtl-kernels/workspace/LAB_A_part1_system_hw_link/Emulation-HW/binary_container_1.build/link/run_link
INFO: [v++ 60-1441] [10:35:16] Run run_link: Step generate_sc_driver: Completed
Time (s): cpu = 00:00:00 ; elapsed = 00:00:00.01 . Memory (MB): peak = 2209.332 ; gain = 0.000 ; free physical = 20174 ; free virtual = 74869
INFO: [v++ 60-244] Generating system estimate report...
INFO: [v++ 60-1092] Generated system estimate report: /mnt/HLSNAS/01.JknbyU/Vitis-Tutorials/Hardware_Acceleration/Feature_Tutorials/02-mixing-c-rtl-kernels/workspace/LAB_A_part1_system_hw_link/Emulation-HW/binary_container_1.build/reports/link/system_estimate_binary_container_1.xtxt
INFO: [v++ 60-586] Created binary_container_1.xclbin
INFO: [v++ 60-1307] Run completed. Additional information can be found in:
	Steps Log File: /mnt/HLSNAS/01.JknbyU/Vitis-Tutorials/Hardware_Acceleration/Feature_Tutorials/02-mixing-c-rtl-kernels/workspace/LAB_A_part1_system_hw_link/Emulation-HW/binary_container_1.build/logs/link/link.steps.log

INFO: [v++ 60-2343] Use the vitis_analyzer tool to visualize and navigate the relevant reports. Run the following command. 
    vitis_analyzer /mnt/HLSNAS/01.JknbyU/Vitis-Tutorials/Hardware_Acceleration/Feature_Tutorials/02-mixing-c-rtl-kernels/workspace/LAB_A_part1_system_hw_link/Emulation-HW/binary_container_1.xclbin.link_summary 
INFO: [v++ 60-791] Total elapsed time: 0h 3m 51s
INFO: [v++ 60-1653] Closing dispatch client.

10:35:16 Build Finished (took 3m:52s.940ms)

