10:30:49 **** Incremental Build of configuration Emulation-HW for project LAB_A_part1_kernels ****
make -j16 all 
/opt/Xilinx/Vitis/2022.1/bin/v++ --target hw_emu --compile -I"../src" --config krnl_vadd-compile.cfg -o"build/krnl_vadd.xo" "../src/krnl_vadd.cpp"
Option Map File Used: '/opt/Xilinx/Vitis/2022.1/data/vitis/vpp/optMap.xml'

****** v++ v2022.1 (64-bit)
  **** SW Build 3524075 on 2022-04-13-17:42:45
    ** Copyright 1986-2022 Xilinx, Inc. All Rights Reserved.

INFO: [v++ 60-1306] Additional information associated with this v++ compile can be found at:
	Reports: /mnt/HLSNAS/01.JknbyU/Vitis-Tutorials/Hardware_Acceleration/Feature_Tutorials/02-mixing-c-rtl-kernels/workspace/LAB_A_part1_kernels/Emulation-HW/build/reports/krnl_vadd
	Log files: /mnt/HLSNAS/01.JknbyU/Vitis-Tutorials/Hardware_Acceleration/Feature_Tutorials/02-mixing-c-rtl-kernels/workspace/LAB_A_part1_kernels/Emulation-HW/build/logs/krnl_vadd
Running Dispatch Server on port: 45531
INFO: [v++ 60-1548] Creating build summary session with primary output /mnt/HLSNAS/01.JknbyU/Vitis-Tutorials/Hardware_Acceleration/Feature_Tutorials/02-mixing-c-rtl-kernels/workspace/LAB_A_part1_kernels/Emulation-HW/build/krnl_vadd.xo.compile_summary, at Wed Nov  2 10:31:00 2022
INFO: [v++ 60-1316] Initiating connection to rulecheck server, at Wed Nov  2 10:31:00 2022
INFO: [v++ 60-895]   Target platform: /opt/xilinx/platforms/xilinx_u50_gen3x16_xdma_5_202210_1/xilinx_u50_gen3x16_xdma_5_202210_1.xpfm
INFO: [v++ 60-1578]   This platform contains Xilinx Shell Archive '/opt/xilinx/platforms/xilinx_u50_gen3x16_xdma_5_202210_1/hw/hw.xsa'
INFO: [v++ 74-78] Compiler Version string: 2022.1
INFO: [v++ 60-585] Compiling for hardware emulation target
INFO: [v++ 60-423]   Target device: xilinx_u50_gen3x16_xdma_5_202210_1
INFO: [v++ 60-242] Creating kernel: 'krnl_vadd'

===>The following messages were generated while  performing high-level synthesis for kernel: krnl_vadd Log file: /mnt/HLSNAS/01.JknbyU/Vitis-Tutorials/Hardware_Acceleration/Feature_Tutorials/02-mixing-c-rtl-kernels/workspace/LAB_A_part1_kernels/Emulation-HW/build/krnl_vadd/krnl_vadd/vitis_hls.log :
INFO: [v++ 204-61] Pipelining loop 'readA'.
WARNING: [v++ 200-885] The II Violation in module 'krnl_vadd' (loop 'readA'): Unable to schedule bus request operation ('gmem_load_1_req', /mnt/HLSNAS/01.JknbyU/Vitis-Tutorials/Hardware_Acceleration/Feature_Tutorials/02-mixing-c-rtl-kernels/workspace/LAB_A_part1_kernels/src/krnl_vadd.cpp:85) on port 'gmem' (/mnt/HLSNAS/01.JknbyU/Vitis-Tutorials/Hardware_Acceleration/Feature_Tutorials/02-mixing-c-rtl-kernels/workspace/LAB_A_part1_kernels/src/krnl_vadd.cpp:85) due to limited memory ports (II = 1). Please consider using a memory core with more ports or partitioning the array.
Resolution: For help on HLS 200-885 see www.xilinx.com/cgi-bin/docs/rdoc?v=2022.1;t=hls+guidance;d=200-885.html
INFO: [v++ 204-61] Pipelining loop 'vadd_wrteC'.
INFO: [v++ 200-1470] Pipelining result : Target II = 1, Final II = 2, Depth = 74, loop 'readA'
INFO: [v++ 200-1470] Pipelining result : Target II = 1, Final II = 1, Depth = 3, loop 'vadd_wrteC'
INFO: [v++ 200-790] **** Loop Constraint Status: All loop constraints were NOT satisfied.
INFO: [v++ 200-789] **** Estimated Fmax: 411.00 MHz
INFO: [v++ 60-594] Finished kernel compilation
INFO: [v++ 60-244] Generating system estimate report...
INFO: [v++ 60-1092] Generated system estimate report: /mnt/HLSNAS/01.JknbyU/Vitis-Tutorials/Hardware_Acceleration/Feature_Tutorials/02-mixing-c-rtl-kernels/workspace/LAB_A_part1_kernels/Emulation-HW/build/reports/krnl_vadd/system_estimate_krnl_vadd.xtxt
INFO: [v++ 60-586] Created build/krnl_vadd.xo
INFO: [v++ 60-2343] Use the vitis_analyzer tool to visualize and navigate the relevant reports. Run the following command. 
    vitis_analyzer /mnt/HLSNAS/01.JknbyU/Vitis-Tutorials/Hardware_Acceleration/Feature_Tutorials/02-mixing-c-rtl-kernels/workspace/LAB_A_part1_kernels/Emulation-HW/build/krnl_vadd.xo.compile_summary 
INFO: [v++ 60-791] Total elapsed time: 0h 0m 31s
INFO: [v++ 60-1653] Closing dispatch client.

10:31:22 Build Finished (took 32s.889ms)

