10:49:08 DEBUG : Logs will be stored at '/mnt/HLSNAS/01.JknbyU/Vitis-Tutorials/Hardware_Acceleration/Feature_Tutorials/02-mixing-c-rtl-kernels/work_space_1/IDE.log'.
10:49:10 INFO  : Launching XSCT server: xsct -n  -interactive /mnt/HLSNAS/01.JknbyU/Vitis-Tutorials/Hardware_Acceleration/Feature_Tutorials/02-mixing-c-rtl-kernels/work_space_1/temp_xsdb_launch_script.tcl
10:49:10 INFO  : Platform repository initialization has completed.
10:49:10 INFO  : Registering command handlers for Vitis TCF services
10:49:14 INFO  : XSCT server has started successfully.
10:49:14 INFO  : plnx-install-location is set to ''
10:49:14 INFO  : Successfully done setting XSCT server connection channel  
10:49:14 INFO  : Successfully done setting workspace for the tool. 
10:49:14 INFO  : Successfully done query RDI_DATADIR 
10:55:39 INFO  : Added binary container 'binary_container_1' in project 'LAB_A_part2_system_hw_link'
10:55:39 INFO  : Added kernel '[rtl_kernel_wizard_0 - LAB_A_part2_kernels/src/vitis_rtl_kernel/rtl_kernel_wizard_0/rtl_kernel_wizard_0.xo]' in binary container 'binary_container_1' of project 'LAB_A_part2_system_hw_link'
10:57:23 INFO  : Launching executable: Emulation-SW/LAB_A_part2  ${project_loc:LAB_A_part2_system}/Emulation-SW/binary_container_1.xclbin
10:57:37 INFO  : Launching executable: Emulation-SW/LAB_A_part2  ${project_loc:LAB_A_part2_system}/Emulation-SW/binary_container_1.xclbin
10:58:02 INFO  : Added kernel '[load_file_to_memory - LAB_A_part2_kernels/src/vitis_rtl_kernel/rtl_kernel_wizard_0/host_example.cpp]' in binary container 'binary_container_1' of project 'LAB_A_part2_system_hw_link'
10:58:02 INFO  : Added kernel '[main - LAB_A_part2_kernels/src/vitis_rtl_kernel/rtl_kernel_wizard_0/host_example.cpp]' in binary container 'binary_container_1' of project 'LAB_A_part2_system_hw_link'
10:58:57 INFO  : Added kernel '[krnl_vadd - LAB_A_part2_kernels/src/krnl_vadd.cpp]' in binary container 'binary_container_1' of project 'LAB_A_part2_system_hw_link'
10:59:04 INFO  : Removed kernel '[load_file_to_memory - LAB_A_part2_kernels/null]' in binary container 'binary_container_1' of project 'LAB_A_part2_system_hw_link'
10:59:04 INFO  : Removed kernel '[main - LAB_A_part2_kernels/null]' in binary container 'binary_container_1' of project 'LAB_A_part2_system_hw_link'
11:00:23 INFO  : Launching executable: Emulation-SW/LAB_A_part2  ${project_loc:LAB_A_part2_system}/Emulation-SW/binary_container_1.xclbin
11:00:34 INFO  : Build configuration of 'LAB_A_part2_system' is updated to 'Emulation-HW'
11:00:34 INFO  : Build configuration of system project is automatically updated to 'Emulation-HW'.
11:00:34 INFO  : Build configuration of 'LAB_A_part2_system_hw_link' is updated to 'Emulation-HW'
11:00:34 INFO  : Build configuration of 'LAB_A_part2_kernels' is updated to 'Emulation-HW'
11:06:43 INFO  : Launching executable: Emulation-HW/LAB_A_part2  ${project_loc:LAB_A_part2_system}/Emulation-HW/binary_container_1.xclbin
