11:00:38 **** Incremental Build of configuration Emulation-HW for project LAB_A_part2 ****
make -j16 all 
/opt/Xilinx/Vitis/2022.1/bin/emconfigutil --od . --nd 1  --platform xilinx_u50_gen3x16_xdma_5_202210_1
g++ -std=c++1y -DVITIS_PLATFORM=xilinx_u50_gen3x16_xdma_5_202210_1 -D__USE_XOPEN2K8 -I/opt/xilinx/xrt/include/ -I/opt/Xilinx/Vitis_HLS/2022.1/include/ -O0 -g -Wall -c -fmessage-length=0 -o "src/host_step2.o" "../src/host_step2.cpp"
g++ -o "LAB_A_part2" src/host_step2.o -lxilinxopencl -lpthread -lrt -lstdc++ -L/opt/xilinx/xrt/lib/ -Wl,-rpath-link,/opt/xilinx/xrt/lib

****** configutil v2022.1 (64-bit)
  **** SW Build 3524075 on 2022-04-13-17:42:45
    ** Copyright 1986-2022 Xilinx, Inc. All Rights Reserved.

INFO: [ConfigUtil 60-895]   Target platform: /opt/xilinx/platforms/xilinx_u50_gen3x16_xdma_5_202210_1/xilinx_u50_gen3x16_xdma_5_202210_1.xpfm
INFO: [ConfigUtil 60-1578]   This platform contains Xilinx Shell Archive '/opt/xilinx/platforms/xilinx_u50_gen3x16_xdma_5_202210_1/hw/hw.xsa'
INFO: [ConfigUtil 60-1032] Extracting hardware platform to .
emulation configuration file `emconfig.json` is created in . directory 
11:00:41 **** Incremental Build of configuration Emulation-HW for project LAB_A_part2_kernels ****
make -j16 all 
/opt/Xilinx/Vitis/2022.1/bin/v++ --target hw_emu --compile -I"../src" --config krnl_vadd-compile.cfg -o"build/krnl_vadd.xo" "../src/krnl_vadd.cpp"
Option Map File Used: '/opt/Xilinx/Vitis/2022.1/data/vitis/vpp/optMap.xml'

****** v++ v2022.1 (64-bit)
  **** SW Build 3524075 on 2022-04-13-17:42:45
    ** Copyright 1986-2022 Xilinx, Inc. All Rights Reserved.

INFO: [v++ 60-1306] Additional information associated with this v++ compile can be found at:
	Reports: /mnt/HLSNAS/01.JknbyU/Vitis-Tutorials/Hardware_Acceleration/Feature_Tutorials/02-mixing-c-rtl-kernels/work_space_1/LAB_A_part2_kernels/Emulation-HW/build/reports/krnl_vadd
	Log files: /mnt/HLSNAS/01.JknbyU/Vitis-Tutorials/Hardware_Acceleration/Feature_Tutorials/02-mixing-c-rtl-kernels/work_space_1/LAB_A_part2_kernels/Emulation-HW/build/logs/krnl_vadd
Running Dispatch Server on port: 40057
INFO: [v++ 60-1548] Creating build summary session with primary output /mnt/HLSNAS/01.JknbyU/Vitis-Tutorials/Hardware_Acceleration/Feature_Tutorials/02-mixing-c-rtl-kernels/work_space_1/LAB_A_part2_kernels/Emulation-HW/build/krnl_vadd.xo.compile_summary, at Wed Nov  2 11:00:52 2022
INFO: [v++ 60-1316] Initiating connection to rulecheck server, at Wed Nov  2 11:00:52 2022
INFO: [v++ 60-895]   Target platform: /opt/xilinx/platforms/xilinx_u50_gen3x16_xdma_5_202210_1/xilinx_u50_gen3x16_xdma_5_202210_1.xpfm
INFO: [v++ 60-1578]   This platform contains Xilinx Shell Archive '/opt/xilinx/platforms/xilinx_u50_gen3x16_xdma_5_202210_1/hw/hw.xsa'
INFO: [v++ 74-78] Compiler Version string: 2022.1
INFO: [v++ 60-585] Compiling for hardware emulation target
INFO: [v++ 60-423]   Target device: xilinx_u50_gen3x16_xdma_5_202210_1
INFO: [v++ 60-242] Creating kernel: 'krnl_vadd'

===>The following messages were generated while  performing high-level synthesis for kernel: krnl_vadd Log file: /mnt/HLSNAS/01.JknbyU/Vitis-Tutorials/Hardware_Acceleration/Feature_Tutorials/02-mixing-c-rtl-kernels/work_space_1/LAB_A_part2_kernels/Emulation-HW/build/krnl_vadd/krnl_vadd/vitis_hls.log :
INFO: [v++ 204-61] Pipelining loop 'readA'.
WARNING: [v++ 200-885] The II Violation in module 'krnl_vadd' (loop 'readA'): Unable to schedule bus request operation ('gmem_load_1_req', /mnt/HLSNAS/01.JknbyU/Vitis-Tutorials/Hardware_Acceleration/Feature_Tutorials/02-mixing-c-rtl-kernels/work_space_1/LAB_A_part2_kernels/src/krnl_vadd.cpp:85) on port 'gmem' (/mnt/HLSNAS/01.JknbyU/Vitis-Tutorials/Hardware_Acceleration/Feature_Tutorials/02-mixing-c-rtl-kernels/work_space_1/LAB_A_part2_kernels/src/krnl_vadd.cpp:85) due to limited memory ports (II = 1). Please consider using a memory core with more ports or partitioning the array.
Resolution: For help on HLS 200-885 see www.xilinx.com/cgi-bin/docs/rdoc?v=2022.1;t=hls+guidance;d=200-885.html
INFO: [v++ 204-61] Pipelining loop 'vadd_wrteC'.
INFO: [v++ 200-1470] Pipelining result : Target II = 1, Final II = 2, Depth = 74, loop 'readA'
INFO: [v++ 200-1470] Pipelining result : Target II = 1, Final II = 1, Depth = 3, loop 'vadd_wrteC'
INFO: [v++ 200-790] **** Loop Constraint Status: All loop constraints were NOT satisfied.
INFO: [v++ 200-789] **** Estimated Fmax: 411.00 MHz
INFO: [v++ 60-594] Finished kernel compilation
INFO: [v++ 60-244] Generating system estimate report...
INFO: [v++ 60-1092] Generated system estimate report: /mnt/HLSNAS/01.JknbyU/Vitis-Tutorials/Hardware_Acceleration/Feature_Tutorials/02-mixing-c-rtl-kernels/work_space_1/LAB_A_part2_kernels/Emulation-HW/build/reports/krnl_vadd/system_estimate_krnl_vadd.xtxt
INFO: [v++ 60-586] Created build/krnl_vadd.xo
INFO: [v++ 60-2343] Use the vitis_analyzer tool to visualize and navigate the relevant reports. Run the following command. 
    vitis_analyzer /mnt/HLSNAS/01.JknbyU/Vitis-Tutorials/Hardware_Acceleration/Feature_Tutorials/02-mixing-c-rtl-kernels/work_space_1/LAB_A_part2_kernels/Emulation-HW/build/krnl_vadd.xo.compile_summary 
INFO: [v++ 60-791] Total elapsed time: 0h 0m 32s
INFO: [v++ 60-1653] Closing dispatch client.
11:01:15 **** Incremental Build of configuration Emulation-HW for project LAB_A_part2_system_hw_link ****
make all 
/opt/Xilinx/Vitis/2022.1/bin/v++ --target hw_emu --link --config binary_container_1-link.cfg -o"binary_container_1.xclbin" ../../LAB_A_part2_kernels/src/vitis_rtl_kernel/rtl_kernel_wizard_0/rtl_kernel_wizard_0.xo ../../LAB_A_part2_kernels/Emulation-HW/build/krnl_vadd.xo
Option Map File Used: '/opt/Xilinx/Vitis/2022.1/data/vitis/vpp/optMap.xml'

****** v++ v2022.1 (64-bit)
  **** SW Build 3524075 on 2022-04-13-17:42:45
    ** Copyright 1986-2022 Xilinx, Inc. All Rights Reserved.

INFO: [v++ 60-1306] Additional information associated with this v++ link can be found at:
	Reports: /mnt/HLSNAS/01.JknbyU/Vitis-Tutorials/Hardware_Acceleration/Feature_Tutorials/02-mixing-c-rtl-kernels/work_space_1/LAB_A_part2_system_hw_link/Emulation-HW/binary_container_1.build/reports/link
	Log files: /mnt/HLSNAS/01.JknbyU/Vitis-Tutorials/Hardware_Acceleration/Feature_Tutorials/02-mixing-c-rtl-kernels/work_space_1/LAB_A_part2_system_hw_link/Emulation-HW/binary_container_1.build/logs/link
Running Dispatch Server on port: 42191
INFO: [v++ 60-1548] Creating build summary session with primary output /mnt/HLSNAS/01.JknbyU/Vitis-Tutorials/Hardware_Acceleration/Feature_Tutorials/02-mixing-c-rtl-kernels/work_space_1/LAB_A_part2_system_hw_link/Emulation-HW/binary_container_1.xclbin.link_summary, at Wed Nov  2 11:01:27 2022
INFO: [v++ 60-1316] Initiating connection to rulecheck server, at Wed Nov  2 11:01:27 2022
INFO: [v++ 60-895]   Target platform: /opt/xilinx/platforms/xilinx_u50_gen3x16_xdma_5_202210_1/xilinx_u50_gen3x16_xdma_5_202210_1.xpfm
INFO: [v++ 60-1578]   This platform contains Xilinx Shell Archive '/opt/xilinx/platforms/xilinx_u50_gen3x16_xdma_5_202210_1/hw_emu/hw_emu.xsa'
INFO: [v++ 74-78] Compiler Version string: 2022.1
INFO: [v++ 60-629] Linking for hardware emulation target
INFO: [v++ 60-423]   Target device: xilinx_u50_gen3x16_xdma_5_202210_1
INFO: [v++ 60-1332] Run 'run_link' status: Not started
INFO: [v++ 60-1443] [11:01:30] Run run_link: Step system_link: Started
INFO: [v++ 60-1453] Command Line: system_link --xo /mnt/HLSNAS/01.JknbyU/Vitis-Tutorials/Hardware_Acceleration/Feature_Tutorials/02-mixing-c-rtl-kernels/work_space_1/LAB_A_part2_kernels/src/vitis_rtl_kernel/rtl_kernel_wizard_0/rtl_kernel_wizard_0.xo --xo /mnt/HLSNAS/01.JknbyU/Vitis-Tutorials/Hardware_Acceleration/Feature_Tutorials/02-mixing-c-rtl-kernels/work_space_1/LAB_A_part2_kernels/Emulation-HW/build/krnl_vadd.xo -keep --config /mnt/HLSNAS/01.JknbyU/Vitis-Tutorials/Hardware_Acceleration/Feature_Tutorials/02-mixing-c-rtl-kernels/work_space_1/LAB_A_part2_system_hw_link/Emulation-HW/binary_container_1.build/link/int/syslinkConfig.ini --xpfm /opt/xilinx/platforms/xilinx_u50_gen3x16_xdma_5_202210_1/xilinx_u50_gen3x16_xdma_5_202210_1.xpfm --target emu --output_dir /mnt/HLSNAS/01.JknbyU/Vitis-Tutorials/Hardware_Acceleration/Feature_Tutorials/02-mixing-c-rtl-kernels/work_space_1/LAB_A_part2_system_hw_link/Emulation-HW/binary_container_1.build/link/int --temp_dir /mnt/HLSNAS/01.JknbyU/Vitis-Tutorials/Hardware_Acceleration/Feature_Tutorials/02-mixing-c-rtl-kernels/work_space_1/LAB_A_part2_system_hw_link/Emulation-HW/binary_container_1.build/link/sys_link
INFO: [v++ 60-1454] Run Directory: /mnt/HLSNAS/01.JknbyU/Vitis-Tutorials/Hardware_Acceleration/Feature_Tutorials/02-mixing-c-rtl-kernels/work_space_1/LAB_A_part2_system_hw_link/Emulation-HW/binary_container_1.build/link/run_link
INFO: [SYSTEM_LINK 60-1316] Initiating connection to rulecheck server, at Wed Nov  2 11:01:31 2022
INFO: [SYSTEM_LINK 82-70] Extracting xo v3 file /mnt/HLSNAS/01.JknbyU/Vitis-Tutorials/Hardware_Acceleration/Feature_Tutorials/02-mixing-c-rtl-kernels/work_space_1/LAB_A_part2_kernels/src/vitis_rtl_kernel/rtl_kernel_wizard_0/rtl_kernel_wizard_0.xo
INFO: [SYSTEM_LINK 82-70] Extracting xo v3 file /mnt/HLSNAS/01.JknbyU/Vitis-Tutorials/Hardware_Acceleration/Feature_Tutorials/02-mixing-c-rtl-kernels/work_space_1/LAB_A_part2_kernels/Emulation-HW/build/krnl_vadd.xo
INFO: [SYSTEM_LINK 82-53] Creating IP database /mnt/HLSNAS/01.JknbyU/Vitis-Tutorials/Hardware_Acceleration/Feature_Tutorials/02-mixing-c-rtl-kernels/work_space_1/LAB_A_part2_system_hw_link/Emulation-HW/binary_container_1.build/link/sys_link/_sysl/.cdb/xd_ip_db.xml
INFO: [SYSTEM_LINK 82-38] [11:01:31] build_xd_ip_db started: /opt/Xilinx/Vitis/2022.1/bin/build_xd_ip_db -ip_search 0  -sds-pf /mnt/HLSNAS/01.JknbyU/Vitis-Tutorials/Hardware_Acceleration/Feature_Tutorials/02-mixing-c-rtl-kernels/work_space_1/LAB_A_part2_system_hw_link/Emulation-HW/binary_container_1.build/link/sys_link/hw_emu.hpfm -clkid 0 -ip /mnt/HLSNAS/01.JknbyU/Vitis-Tutorials/Hardware_Acceleration/Feature_Tutorials/02-mixing-c-rtl-kernels/work_space_1/LAB_A_part2_system_hw_link/Emulation-HW/binary_container_1.build/link/sys_link/iprepo/mycompany_com_kernel_rtl_kernel_wizard_0_1_0,rtl_kernel_wizard_0 -ip /mnt/HLSNAS/01.JknbyU/Vitis-Tutorials/Hardware_Acceleration/Feature_Tutorials/02-mixing-c-rtl-kernels/work_space_1/LAB_A_part2_system_hw_link/Emulation-HW/binary_container_1.build/link/sys_link/iprepo/xilinx_com_hls_krnl_vadd_1_0,krnl_vadd -o /mnt/HLSNAS/01.JknbyU/Vitis-Tutorials/Hardware_Acceleration/Feature_Tutorials/02-mixing-c-rtl-kernels/work_space_1/LAB_A_part2_system_hw_link/Emulation-HW/binary_container_1.build/link/sys_link/_sysl/.cdb/xd_ip_db.xml
INFO: [SYSTEM_LINK 82-37] [11:01:35] build_xd_ip_db finished successfully
Time (s): cpu = 00:00:04 ; elapsed = 00:00:03 . Memory (MB): peak = 2270.898 ; gain = 0.000 ; free physical = 16685 ; free virtual = 71957
INFO: [SYSTEM_LINK 82-51] Create system connectivity graph
INFO: [SYSTEM_LINK 82-102] Applying explicit connections to the system connectivity graph: /mnt/HLSNAS/01.JknbyU/Vitis-Tutorials/Hardware_Acceleration/Feature_Tutorials/02-mixing-c-rtl-kernels/work_space_1/LAB_A_part2_system_hw_link/Emulation-HW/binary_container_1.build/link/sys_link/cfgraph/cfgen_cfgraph.xml
INFO: [SYSTEM_LINK 82-38] [11:01:35] cfgen started: /opt/Xilinx/Vitis/2022.1/bin/cfgen  -nk rtl_kernel_wizard_0:1:rtl_kernel_wizard_0_1 -nk krnl_vadd:1:krnl_vadd_1 -dmclkid 0 -r /mnt/HLSNAS/01.JknbyU/Vitis-Tutorials/Hardware_Acceleration/Feature_Tutorials/02-mixing-c-rtl-kernels/work_space_1/LAB_A_part2_system_hw_link/Emulation-HW/binary_container_1.build/link/sys_link/_sysl/.cdb/xd_ip_db.xml -o /mnt/HLSNAS/01.JknbyU/Vitis-Tutorials/Hardware_Acceleration/Feature_Tutorials/02-mixing-c-rtl-kernels/work_space_1/LAB_A_part2_system_hw_link/Emulation-HW/binary_container_1.build/link/sys_link/cfgraph/cfgen_cfgraph.xml
INFO: [CFGEN 83-0] Kernel Specs: 
INFO: [CFGEN 83-0]   kernel: rtl_kernel_wizard_0, num: 1  {rtl_kernel_wizard_0_1}
INFO: [CFGEN 83-0]   kernel: krnl_vadd, num: 1  {krnl_vadd_1}
INFO: [CFGEN 83-2226] Inferring mapping for argument rtl_kernel_wizard_0_1.axi00_ptr0 to HBM[0]
INFO: [CFGEN 83-2226] Inferring mapping for argument krnl_vadd_1.a to HBM[0]
INFO: [CFGEN 83-2226] Inferring mapping for argument krnl_vadd_1.b to HBM[0]
INFO: [CFGEN 83-2226] Inferring mapping for argument krnl_vadd_1.c to HBM[0]
INFO: [SYSTEM_LINK 82-37] [11:01:37] cfgen finished successfully
Time (s): cpu = 00:00:02 ; elapsed = 00:00:02 . Memory (MB): peak = 2270.898 ; gain = 0.000 ; free physical = 16683 ; free virtual = 71956
INFO: [SYSTEM_LINK 82-52] Create top-level block diagram
INFO: [SYSTEM_LINK 82-38] [11:01:37] cf2bd started: /opt/Xilinx/Vitis/2022.1/bin/cf2bd  --linux --trace_buffer 1024 --input_file /mnt/HLSNAS/01.JknbyU/Vitis-Tutorials/Hardware_Acceleration/Feature_Tutorials/02-mixing-c-rtl-kernels/work_space_1/LAB_A_part2_system_hw_link/Emulation-HW/binary_container_1.build/link/sys_link/cfgraph/cfgen_cfgraph.xml --ip_db /mnt/HLSNAS/01.JknbyU/Vitis-Tutorials/Hardware_Acceleration/Feature_Tutorials/02-mixing-c-rtl-kernels/work_space_1/LAB_A_part2_system_hw_link/Emulation-HW/binary_container_1.build/link/sys_link/_sysl/.cdb/xd_ip_db.xml --cf_name dr --working_dir /mnt/HLSNAS/01.JknbyU/Vitis-Tutorials/Hardware_Acceleration/Feature_Tutorials/02-mixing-c-rtl-kernels/work_space_1/LAB_A_part2_system_hw_link/Emulation-HW/binary_container_1.build/link/sys_link/_sysl/.xsd --temp_dir /mnt/HLSNAS/01.JknbyU/Vitis-Tutorials/Hardware_Acceleration/Feature_Tutorials/02-mixing-c-rtl-kernels/work_space_1/LAB_A_part2_system_hw_link/Emulation-HW/binary_container_1.build/link/sys_link --output_dir /mnt/HLSNAS/01.JknbyU/Vitis-Tutorials/Hardware_Acceleration/Feature_Tutorials/02-mixing-c-rtl-kernels/work_space_1/LAB_A_part2_system_hw_link/Emulation-HW/binary_container_1.build/link/int
INFO: [CF2BD 82-31] Launching cf2xd: cf2xd -linux -trace-buffer 1024 -i /mnt/HLSNAS/01.JknbyU/Vitis-Tutorials/Hardware_Acceleration/Feature_Tutorials/02-mixing-c-rtl-kernels/work_space_1/LAB_A_part2_system_hw_link/Emulation-HW/binary_container_1.build/link/sys_link/cfgraph/cfgen_cfgraph.xml -r /mnt/HLSNAS/01.JknbyU/Vitis-Tutorials/Hardware_Acceleration/Feature_Tutorials/02-mixing-c-rtl-kernels/work_space_1/LAB_A_part2_system_hw_link/Emulation-HW/binary_container_1.build/link/sys_link/_sysl/.cdb/xd_ip_db.xml -o dr.xml
INFO: [CF2BD 82-28] cf2xd finished successfully
INFO: [CF2BD 82-31] Launching cf_xsd: cf_xsd -disable-address-gen -dn dr -dp /mnt/HLSNAS/01.JknbyU/Vitis-Tutorials/Hardware_Acceleration/Feature_Tutorials/02-mixing-c-rtl-kernels/work_space_1/LAB_A_part2_system_hw_link/Emulation-HW/binary_container_1.build/link/sys_link/_sysl/.xsd
INFO: [CF2BD 82-28] cf_xsd finished successfully
INFO: [SYSTEM_LINK 82-37] [11:01:39] cf2bd finished successfully
Time (s): cpu = 00:00:02 ; elapsed = 00:00:02 . Memory (MB): peak = 2270.898 ; gain = 0.000 ; free physical = 16675 ; free virtual = 71953
INFO: [v++ 60-1441] [11:01:39] Run run_link: Step system_link: Completed
Time (s): cpu = 00:00:10 ; elapsed = 00:00:09 . Memory (MB): peak = 2209.332 ; gain = 0.000 ; free physical = 16718 ; free virtual = 71996
INFO: [v++ 60-1443] [11:01:39] Run run_link: Step cf2sw: Started
INFO: [v++ 60-1453] Command Line: cf2sw -sdsl /mnt/HLSNAS/01.JknbyU/Vitis-Tutorials/Hardware_Acceleration/Feature_Tutorials/02-mixing-c-rtl-kernels/work_space_1/LAB_A_part2_system_hw_link/Emulation-HW/binary_container_1.build/link/int/sdsl.dat -rtd /mnt/HLSNAS/01.JknbyU/Vitis-Tutorials/Hardware_Acceleration/Feature_Tutorials/02-mixing-c-rtl-kernels/work_space_1/LAB_A_part2_system_hw_link/Emulation-HW/binary_container_1.build/link/int/cf2sw.rtd -nofilter /mnt/HLSNAS/01.JknbyU/Vitis-Tutorials/Hardware_Acceleration/Feature_Tutorials/02-mixing-c-rtl-kernels/work_space_1/LAB_A_part2_system_hw_link/Emulation-HW/binary_container_1.build/link/int/cf2sw_full.rtd -xclbin /mnt/HLSNAS/01.JknbyU/Vitis-Tutorials/Hardware_Acceleration/Feature_Tutorials/02-mixing-c-rtl-kernels/work_space_1/LAB_A_part2_system_hw_link/Emulation-HW/binary_container_1.build/link/int/xclbin_orig.xml -o /mnt/HLSNAS/01.JknbyU/Vitis-Tutorials/Hardware_Acceleration/Feature_Tutorials/02-mixing-c-rtl-kernels/work_space_1/LAB_A_part2_system_hw_link/Emulation-HW/binary_container_1.build/link/int/xclbin_orig.1.xml
INFO: [v++ 60-1454] Run Directory: /mnt/HLSNAS/01.JknbyU/Vitis-Tutorials/Hardware_Acceleration/Feature_Tutorials/02-mixing-c-rtl-kernels/work_space_1/LAB_A_part2_system_hw_link/Emulation-HW/binary_container_1.build/link/run_link
INFO: [v++ 60-1441] [11:01:41] Run run_link: Step cf2sw: Completed
Time (s): cpu = 00:00:02 ; elapsed = 00:00:02 . Memory (MB): peak = 2209.332 ; gain = 0.000 ; free physical = 16718 ; free virtual = 71996
INFO: [v++ 60-1443] [11:01:41] Run run_link: Step rtd2_system_diagram: Started
INFO: [v++ 60-1453] Command Line: rtd2SystemDiagram
INFO: [v++ 60-1454] Run Directory: /mnt/HLSNAS/01.JknbyU/Vitis-Tutorials/Hardware_Acceleration/Feature_Tutorials/02-mixing-c-rtl-kernels/work_space_1/LAB_A_part2_system_hw_link/Emulation-HW/binary_container_1.build/link/run_link
INFO: [v++ 60-1441] [11:01:41] Run run_link: Step rtd2_system_diagram: Completed
Time (s): cpu = 00:00:00 ; elapsed = 00:00:00.16 . Memory (MB): peak = 2209.332 ; gain = 0.000 ; free physical = 16701 ; free virtual = 71979
INFO: [v++ 60-1443] [11:01:41] Run run_link: Step vpl: Started
INFO: [v++ 60-1453] Command Line: vpl -t hw_emu -f xilinx_u50_gen3x16_xdma_5_202210_1 -g --remote_ip_cache /mnt/HLSNAS/01.JknbyU/Vitis-Tutorials/Hardware_Acceleration/Feature_Tutorials/02-mixing-c-rtl-kernels/work_space_1/ip_cache -s --output_dir /mnt/HLSNAS/01.JknbyU/Vitis-Tutorials/Hardware_Acceleration/Feature_Tutorials/02-mixing-c-rtl-kernels/work_space_1/LAB_A_part2_system_hw_link/Emulation-HW/binary_container_1.build/link/int --log_dir /mnt/HLSNAS/01.JknbyU/Vitis-Tutorials/Hardware_Acceleration/Feature_Tutorials/02-mixing-c-rtl-kernels/work_space_1/LAB_A_part2_system_hw_link/Emulation-HW/binary_container_1.build/logs/link --report_dir /mnt/HLSNAS/01.JknbyU/Vitis-Tutorials/Hardware_Acceleration/Feature_Tutorials/02-mixing-c-rtl-kernels/work_space_1/LAB_A_part2_system_hw_link/Emulation-HW/binary_container_1.build/reports/link --config /mnt/HLSNAS/01.JknbyU/Vitis-Tutorials/Hardware_Acceleration/Feature_Tutorials/02-mixing-c-rtl-kernels/work_space_1/LAB_A_part2_system_hw_link/Emulation-HW/binary_container_1.build/link/int/vplConfig.ini -k /mnt/HLSNAS/01.JknbyU/Vitis-Tutorials/Hardware_Acceleration/Feature_Tutorials/02-mixing-c-rtl-kernels/work_space_1/LAB_A_part2_system_hw_link/Emulation-HW/binary_container_1.build/link/int/kernel_info.dat --webtalk_flag Vitis --temp_dir /mnt/HLSNAS/01.JknbyU/Vitis-Tutorials/Hardware_Acceleration/Feature_Tutorials/02-mixing-c-rtl-kernels/work_space_1/LAB_A_part2_system_hw_link/Emulation-HW/binary_container_1.build/link --emulation_mode debug_waveform --no-info --iprepo /mnt/HLSNAS/01.JknbyU/Vitis-Tutorials/Hardware_Acceleration/Feature_Tutorials/02-mixing-c-rtl-kernels/work_space_1/LAB_A_part2_system_hw_link/Emulation-HW/binary_container_1.build/link/int/xo/ip_repo/xilinx_com_hls_krnl_vadd_1_0 --iprepo /mnt/HLSNAS/01.JknbyU/Vitis-Tutorials/Hardware_Acceleration/Feature_Tutorials/02-mixing-c-rtl-kernels/work_space_1/LAB_A_part2_system_hw_link/Emulation-HW/binary_container_1.build/link/int/xo/ip_repo/mycompany_com_kernel_rtl_kernel_wizard_0_1_0 --messageDb /mnt/HLSNAS/01.JknbyU/Vitis-Tutorials/Hardware_Acceleration/Feature_Tutorials/02-mixing-c-rtl-kernels/work_space_1/LAB_A_part2_system_hw_link/Emulation-HW/binary_container_1.build/link/run_link/vpl.pb /mnt/HLSNAS/01.JknbyU/Vitis-Tutorials/Hardware_Acceleration/Feature_Tutorials/02-mixing-c-rtl-kernels/work_space_1/LAB_A_part2_system_hw_link/Emulation-HW/binary_container_1.build/link/int/dr.bd.tcl
INFO: [v++ 60-1454] Run Directory: /mnt/HLSNAS/01.JknbyU/Vitis-Tutorials/Hardware_Acceleration/Feature_Tutorials/02-mixing-c-rtl-kernels/work_space_1/LAB_A_part2_system_hw_link/Emulation-HW/binary_container_1.build/link/run_link

****** vpl v2022.1 (64-bit)
  **** SW Build 3524075 on 2022-04-13-17:42:45
    ** Copyright 1986-2022 Xilinx, Inc. All Rights Reserved.

INFO: [VPL 60-839] Read in kernel information from file '/mnt/HLSNAS/01.JknbyU/Vitis-Tutorials/Hardware_Acceleration/Feature_Tutorials/02-mixing-c-rtl-kernels/work_space_1/LAB_A_part2_system_hw_link/Emulation-HW/binary_container_1.build/link/int/kernel_info.dat'.
INFO: [VPL 74-78] Compiler Version string: 2022.1
INFO: [VPL 60-423]   Target device: xilinx_u50_gen3x16_xdma_5_202210_1
INFO: [VPL 60-1032] Extracting hardware platform to /mnt/HLSNAS/01.JknbyU/Vitis-Tutorials/Hardware_Acceleration/Feature_Tutorials/02-mixing-c-rtl-kernels/work_space_1/LAB_A_part2_system_hw_link/Emulation-HW/binary_container_1.build/link/vivado/vpl/.local/hw_platform
[11:01:57] Run vpl: Step create_project: Started
Creating Vivado project.
[11:02:29] Run vpl: Step create_project: Completed
[11:02:29] Run vpl: Step create_bd: Started
[11:02:36] Run vpl: Step create_bd: Completed
[11:02:36] Run vpl: Step update_bd: Started
[11:02:39] Run vpl: Step update_bd: Completed
[11:02:39] Run vpl: Step generate_target: Started
[11:03:53] Run vpl: Step generate_target: Completed
[11:03:53] Run vpl: Step config_hw_emu.gen_scripts: Started
[11:04:19] Run vpl: Step config_hw_emu.gen_scripts: Completed
[11:04:19] Run vpl: Step config_hw_emu.compile: Started
[11:05:01] Run vpl: Step config_hw_emu.compile: Completed
[11:05:01] Run vpl: Step config_hw_emu.elaborate: Started
[11:05:18] Run vpl: Step config_hw_emu.elaborate: Completed
[11:05:19] Run vpl: FINISHED. Run Status: config_hw_emu.elaborate Complete!
INFO: [v++ 60-1441] [11:05:23] Run run_link: Step vpl: Completed
Time (s): cpu = 00:00:07 ; elapsed = 00:03:42 . Memory (MB): peak = 2209.332 ; gain = 0.000 ; free physical = 15657 ; free virtual = 71898
INFO: [v++ 60-1443] [11:05:23] Run run_link: Step rtdgen: Started
INFO: [v++ 60-1453] Command Line: rtdgen
INFO: [v++ 60-1454] Run Directory: /mnt/HLSNAS/01.JknbyU/Vitis-Tutorials/Hardware_Acceleration/Feature_Tutorials/02-mixing-c-rtl-kernels/work_space_1/LAB_A_part2_system_hw_link/Emulation-HW/binary_container_1.build/link/run_link
INFO: [v++ 60-991] clock name 'kernel_clk/clk' (clock ID '0') is being mapped to clock name 'DATA_CLK' in the xclbin
INFO: [v++ 60-1230] The compiler selected the following frequencies for the runtime controllable kernel clock(s) and scalable system clock(s): Kernel (DATA) clock: kernel_clk/clk = 300, Kernel (KERNEL) clock: kernel_clk/clk = 300
INFO: [v++ 60-1453] Command Line: cf2sw -a /mnt/HLSNAS/01.JknbyU/Vitis-Tutorials/Hardware_Acceleration/Feature_Tutorials/02-mixing-c-rtl-kernels/work_space_1/LAB_A_part2_system_hw_link/Emulation-HW/binary_container_1.build/link/int/address_map.xml -sdsl /mnt/HLSNAS/01.JknbyU/Vitis-Tutorials/Hardware_Acceleration/Feature_Tutorials/02-mixing-c-rtl-kernels/work_space_1/LAB_A_part2_system_hw_link/Emulation-HW/binary_container_1.build/link/int/sdsl.dat -xclbin /mnt/HLSNAS/01.JknbyU/Vitis-Tutorials/Hardware_Acceleration/Feature_Tutorials/02-mixing-c-rtl-kernels/work_space_1/LAB_A_part2_system_hw_link/Emulation-HW/binary_container_1.build/link/int/xclbin_orig.xml -rtd /mnt/HLSNAS/01.JknbyU/Vitis-Tutorials/Hardware_Acceleration/Feature_Tutorials/02-mixing-c-rtl-kernels/work_space_1/LAB_A_part2_system_hw_link/Emulation-HW/binary_container_1.build/link/int/binary_container_1.rtd -o /mnt/HLSNAS/01.JknbyU/Vitis-Tutorials/Hardware_Acceleration/Feature_Tutorials/02-mixing-c-rtl-kernels/work_space_1/LAB_A_part2_system_hw_link/Emulation-HW/binary_container_1.build/link/int/binary_container_1.xml
INFO: [v++ 60-1652] Cf2sw returned exit code: 0
WARNING: [v++ 60-1455] Debuggable symbols are not generated successfully, clean up /mnt/HLSNAS/01.JknbyU/Vitis-Tutorials/Hardware_Acceleration/Feature_Tutorials/02-mixing-c-rtl-kernels/work_space_1/LAB_A_part2_system_hw_link/Emulation-HW/binary_container_1.build/link/int/consolidated.cf
INFO: [v++ 60-1441] [11:05:28] Run run_link: Step rtdgen: Completed
Time (s): cpu = 00:00:04 ; elapsed = 00:00:05 . Memory (MB): peak = 2209.332 ; gain = 0.000 ; free physical = 15605 ; free virtual = 71887
INFO: [v++ 60-1443] [11:05:28] Run run_link: Step xclbinutil: Started
INFO: [v++ 60-1453] Command Line: xclbinutil --add-section DEBUG_IP_LAYOUT:JSON:/mnt/HLSNAS/01.JknbyU/Vitis-Tutorials/Hardware_Acceleration/Feature_Tutorials/02-mixing-c-rtl-kernels/work_space_1/LAB_A_part2_system_hw_link/Emulation-HW/binary_container_1.build/link/int/debug_ip_layout.rtd --add-section BITSTREAM:RAW:/mnt/HLSNAS/01.JknbyU/Vitis-Tutorials/Hardware_Acceleration/Feature_Tutorials/02-mixing-c-rtl-kernels/work_space_1/LAB_A_part2_system_hw_link/Emulation-HW/binary_container_1.build/link/int/behav.xse --force --target hw_emu --key-value SYS:dfx_enable:false --add-section :JSON:/mnt/HLSNAS/01.JknbyU/Vitis-Tutorials/Hardware_Acceleration/Feature_Tutorials/02-mixing-c-rtl-kernels/work_space_1/LAB_A_part2_system_hw_link/Emulation-HW/binary_container_1.build/link/int/binary_container_1.rtd --add-section CLOCK_FREQ_TOPOLOGY:JSON:/mnt/HLSNAS/01.JknbyU/Vitis-Tutorials/Hardware_Acceleration/Feature_Tutorials/02-mixing-c-rtl-kernels/work_space_1/LAB_A_part2_system_hw_link/Emulation-HW/binary_container_1.build/link/int/binary_container_1_xml.rtd --add-section BUILD_METADATA:JSON:/mnt/HLSNAS/01.JknbyU/Vitis-Tutorials/Hardware_Acceleration/Feature_Tutorials/02-mixing-c-rtl-kernels/work_space_1/LAB_A_part2_system_hw_link/Emulation-HW/binary_container_1.build/link/int/binary_container_1_build.rtd --add-section EMBEDDED_METADATA:RAW:/mnt/HLSNAS/01.JknbyU/Vitis-Tutorials/Hardware_Acceleration/Feature_Tutorials/02-mixing-c-rtl-kernels/work_space_1/LAB_A_part2_system_hw_link/Emulation-HW/binary_container_1.build/link/int/binary_container_1.xml --add-section SYSTEM_METADATA:RAW:/mnt/HLSNAS/01.JknbyU/Vitis-Tutorials/Hardware_Acceleration/Feature_Tutorials/02-mixing-c-rtl-kernels/work_space_1/LAB_A_part2_system_hw_link/Emulation-HW/binary_container_1.build/link/int/systemDiagramModelSlrBaseAddress.json --key-value SYS:PlatformVBNV:xilinx_u50_gen3x16_xdma_5_202210_1 --output /mnt/HLSNAS/01.JknbyU/Vitis-Tutorials/Hardware_Acceleration/Feature_Tutorials/02-mixing-c-rtl-kernels/work_space_1/LAB_A_part2_system_hw_link/Emulation-HW/binary_container_1.xclbin
INFO: [v++ 60-1454] Run Directory: /mnt/HLSNAS/01.JknbyU/Vitis-Tutorials/Hardware_Acceleration/Feature_Tutorials/02-mixing-c-rtl-kernels/work_space_1/LAB_A_part2_system_hw_link/Emulation-HW/binary_container_1.build/link/run_link
XRT Build Version: 2.13.466 (2022.1)
       Build Date: 2022-04-14 17:43:11
          Hash ID: f5505e402c2ca1ffe45eb6d3a9399b23a0dc8776
Creating a default 'in-memory' xclbin image.

Section: 'DEBUG_IP_LAYOUT'(9) was successfully added.
Size   : 872 bytes
Format : JSON
File   : '/mnt/HLSNAS/01.JknbyU/Vitis-Tutorials/Hardware_Acceleration/Feature_Tutorials/02-mixing-c-rtl-kernels/work_space_1/LAB_A_part2_system_hw_link/Emulation-HW/binary_container_1.build/link/int/debug_ip_layout.rtd'

Section: 'BITSTREAM'(0) was successfully added.
Size   : 42808728 bytes
Format : RAW
File   : '/mnt/HLSNAS/01.JknbyU/Vitis-Tutorials/Hardware_Acceleration/Feature_Tutorials/02-mixing-c-rtl-kernels/work_space_1/LAB_A_part2_system_hw_link/Emulation-HW/binary_container_1.build/link/int/behav.xse'

Section: 'MEM_TOPOLOGY'(6) was successfully added.
Format : JSON
File   : 'mem_topology'

Section: 'IP_LAYOUT'(8) was successfully added.
Format : JSON
File   : 'ip_layout'

Section: 'CONNECTIVITY'(7) was successfully added.
Format : JSON
File   : 'connectivity'

Section: 'CLOCK_FREQ_TOPOLOGY'(11) was successfully added.
Size   : 274 bytes
Format : JSON
File   : '/mnt/HLSNAS/01.JknbyU/Vitis-Tutorials/Hardware_Acceleration/Feature_Tutorials/02-mixing-c-rtl-kernels/work_space_1/LAB_A_part2_system_hw_link/Emulation-HW/binary_container_1.build/link/int/binary_container_1_xml.rtd'

Section: 'BUILD_METADATA'(14) was successfully added.
Size   : 3456 bytes
Format : JSON
File   : '/mnt/HLSNAS/01.JknbyU/Vitis-Tutorials/Hardware_Acceleration/Feature_Tutorials/02-mixing-c-rtl-kernels/work_space_1/LAB_A_part2_system_hw_link/Emulation-HW/binary_container_1.build/link/int/binary_container_1_build.rtd'

Section: 'EMBEDDED_METADATA'(2) was successfully added.
Size   : 4293 bytes
Format : RAW
File   : '/mnt/HLSNAS/01.JknbyU/Vitis-Tutorials/Hardware_Acceleration/Feature_Tutorials/02-mixing-c-rtl-kernels/work_space_1/LAB_A_part2_system_hw_link/Emulation-HW/binary_container_1.build/link/int/binary_container_1.xml'

Section: 'SYSTEM_METADATA'(22) was successfully added.
Size   : 22969 bytes
Format : RAW
File   : '/mnt/HLSNAS/01.JknbyU/Vitis-Tutorials/Hardware_Acceleration/Feature_Tutorials/02-mixing-c-rtl-kernels/work_space_1/LAB_A_part2_system_hw_link/Emulation-HW/binary_container_1.build/link/int/systemDiagramModelSlrBaseAddress.json'
Successfully wrote (42860332 bytes) to the output file: /mnt/HLSNAS/01.JknbyU/Vitis-Tutorials/Hardware_Acceleration/Feature_Tutorials/02-mixing-c-rtl-kernels/work_space_1/LAB_A_part2_system_hw_link/Emulation-HW/binary_container_1.xclbin
Leaving xclbinutil.
INFO: [v++ 60-1441] [11:05:28] Run run_link: Step xclbinutil: Completed
Time (s): cpu = 00:00:00.05 ; elapsed = 00:00:00.57 . Memory (MB): peak = 2209.332 ; gain = 0.000 ; free physical = 15543 ; free virtual = 71866
INFO: [v++ 60-1443] [11:05:29] Run run_link: Step xclbinutilinfo: Started
INFO: [v++ 60-1453] Command Line: xclbinutil --quiet --force --info /mnt/HLSNAS/01.JknbyU/Vitis-Tutorials/Hardware_Acceleration/Feature_Tutorials/02-mixing-c-rtl-kernels/work_space_1/LAB_A_part2_system_hw_link/Emulation-HW/binary_container_1.xclbin.info --input /mnt/HLSNAS/01.JknbyU/Vitis-Tutorials/Hardware_Acceleration/Feature_Tutorials/02-mixing-c-rtl-kernels/work_space_1/LAB_A_part2_system_hw_link/Emulation-HW/binary_container_1.xclbin
INFO: [v++ 60-1454] Run Directory: /mnt/HLSNAS/01.JknbyU/Vitis-Tutorials/Hardware_Acceleration/Feature_Tutorials/02-mixing-c-rtl-kernels/work_space_1/LAB_A_part2_system_hw_link/Emulation-HW/binary_container_1.build/link/run_link
INFO: [v++ 60-1441] [11:05:29] Run run_link: Step xclbinutilinfo: Completed
Time (s): cpu = 00:00:00.24 ; elapsed = 00:00:00.28 . Memory (MB): peak = 2209.332 ; gain = 0.000 ; free physical = 15572 ; free virtual = 71895
INFO: [v++ 60-1443] [11:05:29] Run run_link: Step generate_sc_driver: Started
INFO: [v++ 60-1453] Command Line: 
INFO: [v++ 60-1454] Run Directory: /mnt/HLSNAS/01.JknbyU/Vitis-Tutorials/Hardware_Acceleration/Feature_Tutorials/02-mixing-c-rtl-kernels/work_space_1/LAB_A_part2_system_hw_link/Emulation-HW/binary_container_1.build/link/run_link
INFO: [v++ 60-1441] [11:05:29] Run run_link: Step generate_sc_driver: Completed
Time (s): cpu = 00:00:00 ; elapsed = 00:00:00.01 . Memory (MB): peak = 2209.332 ; gain = 0.000 ; free physical = 15572 ; free virtual = 71895
INFO: [v++ 60-244] Generating system estimate report...
INFO: [v++ 60-1092] Generated system estimate report: /mnt/HLSNAS/01.JknbyU/Vitis-Tutorials/Hardware_Acceleration/Feature_Tutorials/02-mixing-c-rtl-kernels/work_space_1/LAB_A_part2_system_hw_link/Emulation-HW/binary_container_1.build/reports/link/system_estimate_binary_container_1.xtxt
INFO: [v++ 60-586] Created binary_container_1.xclbin
INFO: [v++ 60-1307] Run completed. Additional information can be found in:
	Steps Log File: /mnt/HLSNAS/01.JknbyU/Vitis-Tutorials/Hardware_Acceleration/Feature_Tutorials/02-mixing-c-rtl-kernels/work_space_1/LAB_A_part2_system_hw_link/Emulation-HW/binary_container_1.build/logs/link/link.steps.log

INFO: [v++ 60-2343] Use the vitis_analyzer tool to visualize and navigate the relevant reports. Run the following command. 
    vitis_analyzer /mnt/HLSNAS/01.JknbyU/Vitis-Tutorials/Hardware_Acceleration/Feature_Tutorials/02-mixing-c-rtl-kernels/work_space_1/LAB_A_part2_system_hw_link/Emulation-HW/binary_container_1.xclbin.link_summary 
INFO: [v++ 60-791] Total elapsed time: 0h 4m 12s
INFO: [v++ 60-1653] Closing dispatch client.
11:05:30 **** Incremental Build of configuration Emulation-HW for project LAB_A_part2_system ****
make all 
/opt/Xilinx/Vitis/2022.1/bin/v++ --package --config package.cfg ../../LAB_A_part2_system_hw_link/Emulation-HW/binary_container_1.xclbin -o binary_container_1.xclbin
Option Map File Used: '/opt/Xilinx/Vitis/2022.1/data/vitis/vpp/optMap.xml'

****** v++ v2022.1 (64-bit)
  **** SW Build 3524075 on 2022-04-13-17:42:45
    ** Copyright 1986-2022 Xilinx, Inc. All Rights Reserved.

INFO: [v++ 60-1306] Additional information associated with this v++ package can be found at:
	Reports: /mnt/HLSNAS/01.JknbyU/Vitis-Tutorials/Hardware_Acceleration/Feature_Tutorials/02-mixing-c-rtl-kernels/work_space_1/LAB_A_part2_system/Emulation-HW/package.build/reports/package
	Log files: /mnt/HLSNAS/01.JknbyU/Vitis-Tutorials/Hardware_Acceleration/Feature_Tutorials/02-mixing-c-rtl-kernels/work_space_1/LAB_A_part2_system/Emulation-HW/package.build/logs/package
Running Dispatch Server on port: 32777
INFO: [v++ 60-1548] Creating build summary session with primary output /mnt/HLSNAS/01.JknbyU/Vitis-Tutorials/Hardware_Acceleration/Feature_Tutorials/02-mixing-c-rtl-kernels/work_space_1/LAB_A_part2_system/Emulation-HW/binary_container_1.xclbin.package_summary, at Wed Nov  2 11:05:42 2022
INFO: [v++ 60-1316] Initiating connection to rulecheck server, at Wed Nov  2 11:05:42 2022
INFO: [v++ 60-1315] Creating rulecheck session with output '/mnt/HLSNAS/01.JknbyU/Vitis-Tutorials/Hardware_Acceleration/Feature_Tutorials/02-mixing-c-rtl-kernels/work_space_1/LAB_A_part2_system/Emulation-HW/package.build/reports/package/v++_package_binary_container_1_guidance.html', at Wed Nov  2 11:05:43 2022
INFO: [v++ 60-895]   Target platform: /opt/xilinx/platforms/xilinx_u50_gen3x16_xdma_5_202210_1/xilinx_u50_gen3x16_xdma_5_202210_1.xpfm
INFO: [v++ 60-1578]   This platform contains Xilinx Shell Archive '/opt/xilinx/platforms/xilinx_u50_gen3x16_xdma_5_202210_1/hw/hw.xsa'
INFO: [v++ 74-78] Compiler Version string: 2022.1
INFO: [v++ 60-2256] Packaging for hardware emulation
INFO: [v++ 60-2460] Successfully copied a temporary xclbin to the output xclbin: /mnt/HLSNAS/01.JknbyU/Vitis-Tutorials/Hardware_Acceleration/Feature_Tutorials/02-mixing-c-rtl-kernels/work_space_1/LAB_A_part2_system/Emulation-HW/binary_container_1.xclbin
INFO: [v++ 60-2343] Use the vitis_analyzer tool to visualize and navigate the relevant reports. Run the following command. 
    vitis_analyzer /mnt/HLSNAS/01.JknbyU/Vitis-Tutorials/Hardware_Acceleration/Feature_Tutorials/02-mixing-c-rtl-kernels/work_space_1/LAB_A_part2_system/Emulation-HW/binary_container_1.xclbin.package_summary 
INFO: [v++ 60-791] Total elapsed time: 0h 0m 15s
INFO: [v++ 60-1653] Closing dispatch client.
cp -f binary_container_1.xclbin ../../LAB_A_part2/Emulation-HW
