11:05:30 **** Incremental Build of configuration Emulation-HW for project LAB_A_part2_system ****
make all 
/opt/Xilinx/Vitis/2022.1/bin/v++ --package --config package.cfg ../../LAB_A_part2_system_hw_link/Emulation-HW/binary_container_1.xclbin -o binary_container_1.xclbin
Option Map File Used: '/opt/Xilinx/Vitis/2022.1/data/vitis/vpp/optMap.xml'

****** v++ v2022.1 (64-bit)
  **** SW Build 3524075 on 2022-04-13-17:42:45
    ** Copyright 1986-2022 Xilinx, Inc. All Rights Reserved.

INFO: [v++ 60-1306] Additional information associated with this v++ package can be found at:
	Reports: /mnt/HLSNAS/01.JknbyU/Vitis-Tutorials/Hardware_Acceleration/Feature_Tutorials/02-mixing-c-rtl-kernels/work_space_1/LAB_A_part2_system/Emulation-HW/package.build/reports/package
	Log files: /mnt/HLSNAS/01.JknbyU/Vitis-Tutorials/Hardware_Acceleration/Feature_Tutorials/02-mixing-c-rtl-kernels/work_space_1/LAB_A_part2_system/Emulation-HW/package.build/logs/package
Running Dispatch Server on port: 32777
INFO: [v++ 60-1548] Creating build summary session with primary output /mnt/HLSNAS/01.JknbyU/Vitis-Tutorials/Hardware_Acceleration/Feature_Tutorials/02-mixing-c-rtl-kernels/work_space_1/LAB_A_part2_system/Emulation-HW/binary_container_1.xclbin.package_summary, at Wed Nov  2 11:05:42 2022
INFO: [v++ 60-1316] Initiating connection to rulecheck server, at Wed Nov  2 11:05:42 2022
INFO: [v++ 60-1315] Creating rulecheck session with output '/mnt/HLSNAS/01.JknbyU/Vitis-Tutorials/Hardware_Acceleration/Feature_Tutorials/02-mixing-c-rtl-kernels/work_space_1/LAB_A_part2_system/Emulation-HW/package.build/reports/package/v++_package_binary_container_1_guidance.html', at Wed Nov  2 11:05:43 2022
INFO: [v++ 60-895]   Target platform: /opt/xilinx/platforms/xilinx_u50_gen3x16_xdma_5_202210_1/xilinx_u50_gen3x16_xdma_5_202210_1.xpfm
INFO: [v++ 60-1578]   This platform contains Xilinx Shell Archive '/opt/xilinx/platforms/xilinx_u50_gen3x16_xdma_5_202210_1/hw/hw.xsa'
INFO: [v++ 74-78] Compiler Version string: 2022.1
INFO: [v++ 60-2256] Packaging for hardware emulation
INFO: [v++ 60-2460] Successfully copied a temporary xclbin to the output xclbin: /mnt/HLSNAS/01.JknbyU/Vitis-Tutorials/Hardware_Acceleration/Feature_Tutorials/02-mixing-c-rtl-kernels/work_space_1/LAB_A_part2_system/Emulation-HW/binary_container_1.xclbin
INFO: [v++ 60-2343] Use the vitis_analyzer tool to visualize and navigate the relevant reports. Run the following command. 
    vitis_analyzer /mnt/HLSNAS/01.JknbyU/Vitis-Tutorials/Hardware_Acceleration/Feature_Tutorials/02-mixing-c-rtl-kernels/work_space_1/LAB_A_part2_system/Emulation-HW/binary_container_1.xclbin.package_summary 
INFO: [v++ 60-791] Total elapsed time: 0h 0m 15s
INFO: [v++ 60-1653] Closing dispatch client.
cp -f binary_container_1.xclbin ../../LAB_A_part2/Emulation-HW

11:05:49 Build Finished (took 18s.137ms)

